<?xml version="1.0" encoding="UTF-8" ?>
<testsuite tests="71" failures="0" name="uk.ac.ebi.aamtool.RXNMappingTest" time="227.513" errors="0" skipped="0">
  <properties>
[...]
</properties>
  <testcase classname="uk.ac.ebi.aamtool.RXNMappingTest" name="NonRingRC" time="4.327"/>
  <testcase classname="uk.ac.ebi.aamtool.RXNMappingTest" name="R00011" time="0.508"/>
  <testcase classname="uk.ac.ebi.aamtool.RXNMappingTest" name="R00014" time="0.971"/>
  <testcase classname="uk.ac.ebi.aamtool.RXNMappingTest" name="R00023" time="6.917"/>
  <testcase classname="uk.ac.ebi.aamtool.RXNMappingTest" name="R00025" time="3.342"/>
  <testcase classname="uk.ac.ebi.aamtool.RXNMappingTest" name="R00045" time="1.558"/>
  <testcase classname="uk.ac.ebi.aamtool.RXNMappingTest" name="R00093" time="5.585"/>
  <testcase classname="uk.ac.ebi.aamtool.RXNMappingTest" name="R00097" time="24.066"/>
  <testcase classname="uk.ac.ebi.aamtool.RXNMappingTest" name="R00114" time="6.556"/>
  <testcase classname="uk.ac.ebi.aamtool.RXNMappingTest" name="R00307" time="0.321"/>
  <testcase classname="uk.ac.ebi.aamtool.RXNMappingTest" name="R00344" time="2.053"/>
  <testcase classname="uk.ac.ebi.aamtool.RXNMappingTest" name="R00630" time="0.457"/>
  <testcase classname="uk.ac.ebi.aamtool.RXNMappingTest" name="R00959" time="0.639"/>
  <testcase classname="uk.ac.ebi.aamtool.RXNMappingTest" name="R01015" time="0.538"/>
  <testcase classname="uk.ac.ebi.aamtool.RXNMappingTest" name="R01068" time="0.597"/>
  <testcase classname="uk.ac.ebi.aamtool.RXNMappingTest" name="R01081" time="0.503"/>
  <testcase classname="uk.ac.ebi.aamtool.RXNMappingTest" name="R01145" time="0.424"/>
  <testcase classname="uk.ac.ebi.aamtool.RXNMappingTest" name="R01148" time="0.93"/>
  <testcase classname="uk.ac.ebi.aamtool.RXNMappingTest" name="R01394" time="0.312"/>
  <testcase classname="uk.ac.ebi.aamtool.RXNMappingTest" name="R01432" time="0.366"/>
  <testcase classname="uk.ac.ebi.aamtool.RXNMappingTest" name="R01518" time="0.37"/>
  <testcase classname="uk.ac.ebi.aamtool.RXNMappingTest" name="R01529" time="0.289"/>
  <testcase classname="uk.ac.ebi.aamtool.RXNMappingTest" name="R01557" time="0.548"/>
  <testcase classname="uk.ac.ebi.aamtool.RXNMappingTest" name="R01569" time="0.931"/>
  <testcase classname="uk.ac.ebi.aamtool.RXNMappingTest" name="R01715" time="0.787"/>
  <testcase classname="uk.ac.ebi.aamtool.RXNMappingTest" name="R01717" time="0.782"/>
  <testcase classname="uk.ac.ebi.aamtool.RXNMappingTest" name="R01819" time="0.45"/>
  <testcase classname="uk.ac.ebi.aamtool.RXNMappingTest" name="R01903" time="2.173"/>
  <testcase classname="uk.ac.ebi.aamtool.RXNMappingTest" name="R02007" time="1.791"/>
  <testcase classname="uk.ac.ebi.aamtool.RXNMappingTest" name="R02555" time="2.404"/>
  <testcase classname="uk.ac.ebi.aamtool.RXNMappingTest" name="R02707" time="1.134"/>
  <testcase classname="uk.ac.ebi.aamtool.RXNMappingTest" name="R02918" time="3.09"/>
  <testcase classname="uk.ac.ebi.aamtool.RXNMappingTest" name="R02996" time="0.56"/>
  <testcase classname="uk.ac.ebi.aamtool.RXNMappingTest" name="R03020" time="11.225"/>
  <testcase classname="uk.ac.ebi.aamtool.RXNMappingTest" name="R03063" time="2.125"/>
  <testcase classname="uk.ac.ebi.aamtool.RXNMappingTest" name="R03165" time="16.641"/>
  <testcase classname="uk.ac.ebi.aamtool.RXNMappingTest" name="R03187" time="1.606"/>
  <testcase classname="uk.ac.ebi.aamtool.RXNMappingTest" name="R03332" time="0.665"/>
  <testcase classname="uk.ac.ebi.aamtool.RXNMappingTest" name="R03364" time="0.872"/>
  <testcase classname="uk.ac.ebi.aamtool.RXNMappingTest" name="R03627" time="0.323"/>
  <testcase classname="uk.ac.ebi.aamtool.RXNMappingTest" name="R03673" time="0.796"/>
  <testcase classname="uk.ac.ebi.aamtool.RXNMappingTest" name="R03959" time="0.325"/>
  <testcase classname="uk.ac.ebi.aamtool.RXNMappingTest" name="R03979" time="0.528"/>
  <testcase classname="uk.ac.ebi.aamtool.RXNMappingTest" name="R04165" time="0.706"/>
  <testcase classname="uk.ac.ebi.aamtool.RXNMappingTest" name="R04333" time="1.59"/>
  <testcase classname="uk.ac.ebi.aamtool.RXNMappingTest" name="R04538" time="0.318"/>
  <testcase classname="uk.ac.ebi.aamtool.RXNMappingTest" name="R04558" time="1.873"/>
  <testcase classname="uk.ac.ebi.aamtool.RXNMappingTest" name="R05069" time="0.491"/>
  <testcase classname="uk.ac.ebi.aamtool.RXNMappingTest" name="R05071" time="0.574"/>
  <testcase classname="uk.ac.ebi.aamtool.RXNMappingTest" name="R05137" time="0.395"/>
  <testcase classname="uk.ac.ebi.aamtool.RXNMappingTest" name="R05217" time="58.113"/>
  <testcase classname="uk.ac.ebi.aamtool.RXNMappingTest" name="R05219" time="15.454"/>
  <testcase classname="uk.ac.ebi.aamtool.RXNMappingTest" name="R05421" time="0.566"/>
  <testcase classname="uk.ac.ebi.aamtool.RXNMappingTest" name="R05645" time="0.543"/>
  <testcase classname="uk.ac.ebi.aamtool.RXNMappingTest" name="R06361" time="3.626"/>
  <testcase classname="uk.ac.ebi.aamtool.RXNMappingTest" name="R06989" time="0.327"/>
  <testcase classname="uk.ac.ebi.aamtool.RXNMappingTest" name="R07322" time="1.394"/>
  <testcase classname="uk.ac.ebi.aamtool.RXNMappingTest" name="R07393" time="0.289"/>
  <testcase classname="uk.ac.ebi.aamtool.RXNMappingTest" name="R07635" time="2.678"/>
  <testcase classname="uk.ac.ebi.aamtool.RXNMappingTest" name="R07965" time="5.27"/>
  <testcase classname="uk.ac.ebi.aamtool.RXNMappingTest" name="R08639" time="0.625"/>
  <testcase classname="uk.ac.ebi.aamtool.RXNMappingTest" name="R08761" time="10.862"/>
  <testcase classname="uk.ac.ebi.aamtool.RXNMappingTest" name="R08765" time="2.334"/>
  <testcase classname="uk.ac.ebi.aamtool.RXNMappingTest" name="aromaticity" time="0.929"/>
  <testcase classname="uk.ac.ebi.aamtool.RXNMappingTest" name="RingRC" time="0.858"/>
  <testcase classname="uk.ac.ebi.aamtool.RXNMappingTest" name="EC2_6_1_32" time="0.838"/>
  <testcase classname="uk.ac.ebi.aamtool.RXNMappingTest" name="SIM" time="2.027"/>
  <testcase classname="uk.ac.ebi.aamtool.RXNMappingTest" name="R204" time="1.869"/>
  <testcase classname="uk.ac.ebi.aamtool.RXNMappingTest" name="Test1" time="0.427"/>
  <testcase classname="uk.ac.ebi.aamtool.RXNMappingTest" name="Rhea_25405" time="0.595"/>
  <testcase classname="uk.ac.ebi.aamtool.RXNMappingTest" name="TestR00004_time" time="0.483"/>
</testsuite>